0 info it worked if it ends with ok
1 verbose cli [ '/usr/local/Cellar/node/12.6.0/bin/node',
1 verbose cli   '/Users/admin/Code/work/repos/BuyOnTrust/local-themes/preApproval/Parts+Warehouse+MODIFIED+8-20-19-2.1.5/node_modules/.bin/npm',
1 verbose cli   'run',
1 verbose cli   'webpack',
1 verbose cli   '--config',
1 verbose cli   'webpack.prod.js' ]
2 info using npm@2.15.12
3 info using node@v8.10.0
4 warn invalid config loglevel="notice"
5 verbose stack Error: missing script: webpack
5 verbose stack     at run (/Users/admin/Code/work/repos/BuyOnTrust/local-themes/preApproval/Parts+Warehouse+MODIFIED+8-20-19-2.1.5/node_modules/npm/lib/run-script.js:142:19)
5 verbose stack     at /Users/admin/Code/work/repos/BuyOnTrust/local-themes/preApproval/Parts+Warehouse+MODIFIED+8-20-19-2.1.5/node_modules/npm/lib/run-script.js:58:5
5 verbose stack     at /Users/admin/Code/work/repos/BuyOnTrust/local-themes/preApproval/Parts+Warehouse+MODIFIED+8-20-19-2.1.5/node_modules/npm/node_modules/read-package-json/read-json.js:356:5
5 verbose stack     at checkBinReferences_ (/Users/admin/Code/work/repos/BuyOnTrust/local-themes/preApproval/Parts+Warehouse+MODIFIED+8-20-19-2.1.5/node_modules/npm/node_modules/read-package-json/read-json.js:320:45)
5 verbose stack     at final (/Users/admin/Code/work/repos/BuyOnTrust/local-themes/preApproval/Parts+Warehouse+MODIFIED+8-20-19-2.1.5/node_modules/npm/node_modules/read-package-json/read-json.js:354:3)
5 verbose stack     at then (/Users/admin/Code/work/repos/BuyOnTrust/local-themes/preApproval/Parts+Warehouse+MODIFIED+8-20-19-2.1.5/node_modules/npm/node_modules/read-package-json/read-json.js:124:5)
5 verbose stack     at /Users/admin/Code/work/repos/BuyOnTrust/local-themes/preApproval/Parts+Warehouse+MODIFIED+8-20-19-2.1.5/node_modules/npm/node_modules/read-package-json/read-json.js:311:12
5 verbose stack     at /Users/admin/Code/work/repos/BuyOnTrust/local-themes/preApproval/Parts+Warehouse+MODIFIED+8-20-19-2.1.5/node_modules/npm/node_modules/graceful-fs/graceful-fs.js:78:16
5 verbose stack     at FSReqWrap.readFileAfterClose [as oncomplete] (fs.js:511:3)
6 verbose cwd /Users/admin/Code/work/repos/BuyOnTrust/local-themes/preApproval/Parts+Warehouse+MODIFIED+8-20-19-2.1.5
7 error Darwin 19.0.0
8 error argv "/usr/local/Cellar/node/12.6.0/bin/node" "/Users/admin/Code/work/repos/BuyOnTrust/local-themes/preApproval/Parts+Warehouse+MODIFIED+8-20-19-2.1.5/node_modules/.bin/npm" "run" "webpack" "--config" "webpack.prod.js"
9 error node v8.10.0
10 error npm  v2.15.12
11 error missing script: webpack
12 error If you need help, you may report this error at:
12 error     <https://github.com/npm/npm/issues>
13 verbose exit [ 1, true ]
